
*** Running vivado
    with args -log top.vds -m64 -product Vivado -mode batch -messageDb vivado.pb -notrace -source top.tcl


****** Vivado v2016.4 (64-bit)
  **** SW Build 1733598 on Wed Dec 14 22:35:39 MST 2016
  **** IP Build 1731160 on Wed Dec 14 23:47:21 MST 2016
    ** Copyright 1986-2016 Xilinx, Inc. All Rights Reserved.

source top.tcl -notrace
Command: synth_design -top top -part xc7a100tcsg324-1
Starting synth_design
Attempting to get a license for feature 'Synthesis' and/or device 'xc7a100t'
INFO: [Common 17-349] Got license for feature 'Synthesis' and/or device 'xc7a100t'
INFO: Launching helper process for spawning children vivado processes
INFO: Helper process launched with PID 11432 
WARNING: [Synth 8-2611] redeclaration of ansi port clkin is not allowed [C:/Users/Randy/Desktop/Comp541/Lab10/Lab10.srcs/sources_1/new/clockdivider_Nexys4.sv:13]
WARNING: [Synth 8-976] clkin has already been declared [C:/Users/Randy/Desktop/Comp541/Lab10/Lab10.srcs/sources_1/new/clockdivider_Nexys4.sv:13]
WARNING: [Synth 8-2654] second declaration of clkin ignored [C:/Users/Randy/Desktop/Comp541/Lab10/Lab10.srcs/sources_1/new/clockdivider_Nexys4.sv:13]
INFO: [Synth 8-994] clkin is declared here [C:/Users/Randy/Desktop/Comp541/Lab10/Lab10.srcs/sources_1/new/clockdivider_Nexys4.sv:11]
---------------------------------------------------------------------------------
Starting RTL Elaboration : Time (s): cpu = 00:00:08 ; elapsed = 00:00:13 . Memory (MB): peak = 288.828 ; gain = 78.703
---------------------------------------------------------------------------------
INFO: [Synth 8-638] synthesizing module 'top' [C:/Users/Randy/Desktop/Comp541/Lab10/Lab10.srcs/sources_1/imports/sources_1/new/top.sv:11]
	Parameter imem_init bound to: instr_data.mem - type: string 
	Parameter smem_init bound to: screen_data.mem - type: string 
	Parameter dmem_init bound to: mem_data.mem - type: string 
	Parameter bmem_init bound to: bitmap_data.mem - type: string 
INFO: [Synth 8-638] synthesizing module 'clockdivider_Nexys4' [C:/Users/Randy/Desktop/Comp541/Lab10/Lab10.srcs/sources_1/new/clockdivider_Nexys4.sv:11]
	Parameter N bound to: 2 - type: integer 
INFO: [Synth 8-638] synthesizing module 'MMCME2_BASE' [C:/Xilinx/Vivado/2016.4/scripts/rt/data/unisim_comp.v:20534]
	Parameter BANDWIDTH bound to: OPTIMIZED - type: string 
	Parameter CLKFBOUT_MULT_F bound to: 10.000000 - type: float 
	Parameter CLKFBOUT_PHASE bound to: 0.000000 - type: float 
	Parameter CLKIN1_PERIOD bound to: 10.000000 - type: float 
	Parameter CLKOUT0_DIVIDE_F bound to: 10.000000 - type: float 
	Parameter CLKOUT0_DUTY_CYCLE bound to: 0.500000 - type: float 
	Parameter CLKOUT0_PHASE bound to: 0.000000 - type: float 
	Parameter CLKOUT1_DIVIDE bound to: 20 - type: integer 
	Parameter CLKOUT1_DUTY_CYCLE bound to: 0.500000 - type: float 
	Parameter CLKOUT1_PHASE bound to: 0.000000 - type: float 
	Parameter CLKOUT2_DIVIDE bound to: 40 - type: integer 
	Parameter CLKOUT2_DUTY_CYCLE bound to: 0.500000 - type: float 
	Parameter CLKOUT2_PHASE bound to: 0.000000 - type: float 
	Parameter CLKOUT3_DIVIDE bound to: 80 - type: integer 
	Parameter CLKOUT3_DUTY_CYCLE bound to: 0.500000 - type: float 
	Parameter CLKOUT3_PHASE bound to: 0.000000 - type: float 
	Parameter CLKOUT4_CASCADE bound to: FALSE - type: string 
	Parameter CLKOUT4_DIVIDE bound to: 1 - type: integer 
	Parameter CLKOUT4_DUTY_CYCLE bound to: 0.500000 - type: float 
	Parameter CLKOUT4_PHASE bound to: 0.000000 - type: float 
	Parameter CLKOUT5_DIVIDE bound to: 1 - type: integer 
	Parameter CLKOUT5_DUTY_CYCLE bound to: 0.500000 - type: float 
	Parameter CLKOUT5_PHASE bound to: 0.000000 - type: float 
	Parameter CLKOUT6_DIVIDE bound to: 1 - type: integer 
	Parameter CLKOUT6_DUTY_CYCLE bound to: 0.500000 - type: float 
	Parameter CLKOUT6_PHASE bound to: 0.000000 - type: float 
	Parameter DIVCLK_DIVIDE bound to: 1 - type: integer 
	Parameter REF_JITTER1 bound to: 0.010000 - type: float 
	Parameter STARTUP_WAIT bound to: FALSE - type: string 
INFO: [Synth 8-256] done synthesizing module 'MMCME2_BASE' (1#1) [C:/Xilinx/Vivado/2016.4/scripts/rt/data/unisim_comp.v:20534]
WARNING: [Synth 8-350] instance 'mmcm' of module 'MMCME2_BASE' requires 18 connections, but only 10 given [C:/Users/Randy/Desktop/Comp541/Lab10/Lab10.srcs/sources_1/new/clockdivider_Nexys4.sv:17]
INFO: [Synth 8-638] synthesizing module 'BUFG' [C:/Xilinx/Vivado/2016.4/scripts/rt/data/unisim_comp.v:607]
INFO: [Synth 8-256] done synthesizing module 'BUFG' (2#1) [C:/Xilinx/Vivado/2016.4/scripts/rt/data/unisim_comp.v:607]
INFO: [Synth 8-638] synthesizing module 'INV' [C:/Xilinx/Vivado/2016.4/scripts/rt/data/unisim_comp.v:17255]
INFO: [Synth 8-256] done synthesizing module 'INV' (3#1) [C:/Xilinx/Vivado/2016.4/scripts/rt/data/unisim_comp.v:17255]
INFO: [Synth 8-638] synthesizing module 'BUFGMUX' [C:/Xilinx/Vivado/2016.4/scripts/rt/data/unisim_comp.v:696]
	Parameter CLK_SEL_TYPE bound to: ASYNC - type: string 
INFO: [Synth 8-256] done synthesizing module 'BUFGMUX' (4#1) [C:/Xilinx/Vivado/2016.4/scripts/rt/data/unisim_comp.v:696]
INFO: [Synth 8-256] done synthesizing module 'clockdivider_Nexys4' (5#1) [C:/Users/Randy/Desktop/Comp541/Lab10/Lab10.srcs/sources_1/new/clockdivider_Nexys4.sv:11]
INFO: [Synth 8-638] synthesizing module 'display8digit' [C:/Users/Randy/Desktop/Comp541/Lab10/Lab10.srcs/sources_1/imports/sources_1/new/display8digit.sv:23]
INFO: [Synth 8-638] synthesizing module 'hexto7seg' [C:/Users/Randy/Desktop/Comp541/Lab10/Lab10.srcs/sources_1/imports/sources_1/imports/new/hexto7seg.sv:23]
INFO: [Synth 8-256] done synthesizing module 'hexto7seg' (6#1) [C:/Users/Randy/Desktop/Comp541/Lab10/Lab10.srcs/sources_1/imports/sources_1/imports/new/hexto7seg.sv:23]
INFO: [Synth 8-256] done synthesizing module 'display8digit' (7#1) [C:/Users/Randy/Desktop/Comp541/Lab10/Lab10.srcs/sources_1/imports/sources_1/new/display8digit.sv:23]
INFO: [Synth 8-638] synthesizing module 'vgadisplaydriver' [C:/Users/Randy/Desktop/Comp541/Lab10/Lab10.srcs/sources_1/imports/new/vgadisplaydriver.sv:24]
	Parameter xscreensize bound to: 40 - type: integer 
	Parameter yscreensize bound to: 30 - type: integer 
	Parameter numchars bound to: 16 - type: integer 
	Parameter mem_per_char bound to: 256 - type: integer 
	Parameter initfile bound to: bitmap_data.mem - type: string 
INFO: [Synth 8-638] synthesizing module 'vgatimer' [C:/Users/Randy/Desktop/Comp541/Lab10/Lab10.srcs/sources_1/imports/new/vgatimer.sv:25]
INFO: [Synth 8-638] synthesizing module 'xycounter' [C:/Users/Randy/Desktop/Comp541/Lab10/Lab10.srcs/sources_1/imports/new/xycounter.sv:24]
	Parameter width bound to: 800 - type: integer 
	Parameter height bound to: 525 - type: integer 
INFO: [Synth 8-256] done synthesizing module 'xycounter' (8#1) [C:/Users/Randy/Desktop/Comp541/Lab10/Lab10.srcs/sources_1/imports/new/xycounter.sv:24]
INFO: [Synth 8-256] done synthesizing module 'vgatimer' (9#1) [C:/Users/Randy/Desktop/Comp541/Lab10/Lab10.srcs/sources_1/imports/new/vgatimer.sv:25]
INFO: [Synth 8-638] synthesizing module 'bitmapmem' [C:/Users/Randy/Desktop/Comp541/Lab10/Lab10.srcs/sources_1/new/bitmapmem.sv:24]
	Parameter chars bound to: 16 - type: integer 
	Parameter mem_per_char bound to: 256 - type: integer 
	Parameter initfile bound to: bitmap_data.mem - type: string 
INFO: [Synth 8-3876] $readmem data file 'bitmap_data.mem' is read successfully [C:/Users/Randy/Desktop/Comp541/Lab10/Lab10.srcs/sources_1/new/bitmapmem.sv:35]
INFO: [Synth 8-256] done synthesizing module 'bitmapmem' (10#1) [C:/Users/Randy/Desktop/Comp541/Lab10/Lab10.srcs/sources_1/new/bitmapmem.sv:24]
INFO: [Synth 8-256] done synthesizing module 'vgadisplaydriver' (11#1) [C:/Users/Randy/Desktop/Comp541/Lab10/Lab10.srcs/sources_1/imports/new/vgadisplaydriver.sv:24]
INFO: [Synth 8-638] synthesizing module 'keyboard' [C:/Users/Randy/Desktop/Comp541/Lab10/Lab10.srcs/sources_1/imports/new/keyboard.sv:17]
INFO: [Synth 8-256] done synthesizing module 'keyboard' (12#1) [C:/Users/Randy/Desktop/Comp541/Lab10/Lab10.srcs/sources_1/imports/new/keyboard.sv:17]
INFO: [Synth 8-638] synthesizing module 'accelerometer' [C:/Users/Randy/Desktop/Comp541/Lab10/Lab10.srcs/sources_1/imports/new/accelerometer.sv:13]
INFO: [Synth 8-638] synthesizing module 'AccelerometerCtl' [C:/Users/Randy/Desktop/Comp541/Lab10/Lab10.srcs/sources_1/imports/new/AccelerometerCtl.vhd:70]
	Parameter SYSCLK_FREQUENCY_HZ bound to: 100000000 - type: integer 
	Parameter SCLK_FREQUENCY_HZ bound to: 1000000 - type: integer 
	Parameter NUM_READS_AVG bound to: 16 - type: integer 
	Parameter UPDATE_FREQUENCY_HZ bound to: 100 - type: integer 
	Parameter SYSCLK_FREQUENCY_HZ bound to: 100000000 - type: integer 
	Parameter SCLK_FREQUENCY_HZ bound to: 1000000 - type: integer 
	Parameter NUM_READS_AVG bound to: 16 - type: integer 
	Parameter UPDATE_FREQUENCY_HZ bound to: 100 - type: integer 
INFO: [Synth 8-3491] module 'ADXL362Ctrl' declared at 'C:/Users/Randy/Desktop/Comp541/Lab10/Lab10.srcs/sources_1/imports/new/ADXL362Ctrl.vhd:89' bound to instance 'ADXL_Control' of component 'ADXL362Ctrl' [C:/Users/Randy/Desktop/Comp541/Lab10/Lab10.srcs/sources_1/imports/new/AccelerometerCtl.vhd:163]
INFO: [Synth 8-638] synthesizing module 'ADXL362Ctrl' [C:/Users/Randy/Desktop/Comp541/Lab10/Lab10.srcs/sources_1/imports/new/ADXL362Ctrl.vhd:117]
	Parameter SYSCLK_FREQUENCY_HZ bound to: 100000000 - type: integer 
	Parameter SCLK_FREQUENCY_HZ bound to: 1000000 - type: integer 
	Parameter NUM_READS_AVG bound to: 16 - type: integer 
	Parameter UPDATE_FREQUENCY_HZ bound to: 100 - type: integer 
INFO: [Synth 8-5534] Detected attribute (* fsm_encoding = "USER" *) [C:/Users/Randy/Desktop/Comp541/Lab10/Lab10.srcs/sources_1/imports/new/ADXL362Ctrl.vhd:283]
INFO: [Synth 8-5534] Detected attribute (* fsm_encoding = "USER" *) [C:/Users/Randy/Desktop/Comp541/Lab10/Lab10.srcs/sources_1/imports/new/ADXL362Ctrl.vhd:312]
INFO: [Synth 8-5534] Detected attribute (* fsm_encoding = "USER" *) [C:/Users/Randy/Desktop/Comp541/Lab10/Lab10.srcs/sources_1/imports/new/ADXL362Ctrl.vhd:365]
	Parameter SYSCLK_FREQUENCY_HZ bound to: 100000000 - type: integer 
	Parameter SCLK_FREQUENCY_HZ bound to: 1000000 - type: integer 
INFO: [Synth 8-3491] module 'SPI_If' declared at 'C:/Users/Randy/Desktop/Comp541/Lab10/Lab10.srcs/sources_1/imports/new/SPI_If.vhd:42' bound to instance 'SPI_Interface' of component 'SPI_If' [C:/Users/Randy/Desktop/Comp541/Lab10/Lab10.srcs/sources_1/imports/new/ADXL362Ctrl.vhd:373]
INFO: [Synth 8-638] synthesizing module 'SPI_If' [C:/Users/Randy/Desktop/Comp541/Lab10/Lab10.srcs/sources_1/imports/new/SPI_If.vhd:66]
	Parameter SYSCLK_FREQUENCY_HZ bound to: 100000000 - type: integer 
	Parameter SCLK_FREQUENCY_HZ bound to: 1000000 - type: integer 
INFO: [Synth 8-5534] Detected attribute (* fsm_encoding = "USER" *) [C:/Users/Randy/Desktop/Comp541/Lab10/Lab10.srcs/sources_1/imports/new/SPI_If.vhd:113]
INFO: [Synth 8-256] done synthesizing module 'SPI_If' (13#1) [C:/Users/Randy/Desktop/Comp541/Lab10/Lab10.srcs/sources_1/imports/new/SPI_If.vhd:66]
INFO: [Synth 8-256] done synthesizing module 'ADXL362Ctrl' (14#1) [C:/Users/Randy/Desktop/Comp541/Lab10/Lab10.srcs/sources_1/imports/new/ADXL362Ctrl.vhd:117]
	Parameter SYSCLK_FREQUENCY_HZ bound to: 100000000 - type: integer 
	Parameter ACC_X_Y_MAX bound to: 10'b0111111111 
	Parameter ACC_X_Y_MIN bound to: 10'b0000000000 
INFO: [Synth 8-3491] module 'AccelArithmetics' declared at 'C:/Users/Randy/Desktop/Comp541/Lab10/Lab10.srcs/sources_1/imports/new/AccelArithmetics.vhd:49' bound to instance 'Accel_Calculation' of component 'AccelArithmetics' [C:/Users/Randy/Desktop/Comp541/Lab10/Lab10.srcs/sources_1/imports/new/AccelerometerCtl.vhd:190]
INFO: [Synth 8-638] synthesizing module 'AccelArithmetics' [C:/Users/Randy/Desktop/Comp541/Lab10/Lab10.srcs/sources_1/imports/new/AccelArithmetics.vhd:74]
	Parameter SYSCLK_FREQUENCY_HZ bound to: 100000000 - type: integer 
	Parameter ACC_X_Y_MAX bound to: 10'b0111111111 
	Parameter ACC_X_Y_MIN bound to: 10'b0000000000 
INFO: [Synth 8-256] done synthesizing module 'AccelArithmetics' (15#1) [C:/Users/Randy/Desktop/Comp541/Lab10/Lab10.srcs/sources_1/imports/new/AccelArithmetics.vhd:74]
INFO: [Synth 8-256] done synthesizing module 'AccelerometerCtl' (16#1) [C:/Users/Randy/Desktop/Comp541/Lab10/Lab10.srcs/sources_1/imports/new/AccelerometerCtl.vhd:70]
INFO: [Synth 8-256] done synthesizing module 'accelerometer' (17#1) [C:/Users/Randy/Desktop/Comp541/Lab10/Lab10.srcs/sources_1/imports/new/accelerometer.sv:13]
INFO: [Synth 8-638] synthesizing module 'montek_sound_Nexys4' [C:/Users/Randy/Desktop/Comp541/Lab10/Lab10.srcs/sources_1/imports/new/montek_sound_Nexys4.sv:21]
INFO: [Synth 8-256] done synthesizing module 'montek_sound_Nexys4' (18#1) [C:/Users/Randy/Desktop/Comp541/Lab10/Lab10.srcs/sources_1/imports/new/montek_sound_Nexys4.sv:21]
INFO: [Synth 8-638] synthesizing module 'mips' [C:/Users/Randy/Desktop/Comp541/Lab10/Lab10.srcs/sources_1/imports/sources_1/new/mips.sv:11]
INFO: [Synth 8-638] synthesizing module 'controller' [C:/Users/Randy/Desktop/Comp541/Lab10/Lab10.srcs/sources_1/imports/sources_1/imports/new/controller.sv:62]
INFO: [Synth 8-256] done synthesizing module 'controller' (19#1) [C:/Users/Randy/Desktop/Comp541/Lab10/Lab10.srcs/sources_1/imports/sources_1/imports/new/controller.sv:62]
INFO: [Synth 8-638] synthesizing module 'fulldatapath' [C:/Users/Randy/Desktop/Comp541/Lab10/Lab10.srcs/sources_1/imports/sources_1/new/fulldatapath.sv:24]
	Parameter initfile bound to: reg_data.mem - type: string 
	Parameter pcinit bound to: 4194304 - type: integer 
INFO: [Synth 8-638] synthesizing module 'ALU' [C:/Users/Randy/Desktop/Comp541/Lab10/Lab10.srcs/sources_1/imports/sources_1/imports/imports/sources_1/new/ALU.sv:23]
	Parameter N bound to: 32 - type: integer 
INFO: [Synth 8-638] synthesizing module 'addsub' [C:/Users/Randy/Desktop/Comp541/Lab10/Lab10.srcs/sources_1/imports/sources_1/imports/imports/new/addsub.sv:23]
	Parameter N bound to: 32 - type: integer 
INFO: [Synth 8-638] synthesizing module 'adder' [C:/Users/Randy/Desktop/Comp541/Lab10/Lab10.srcs/sources_1/imports/sources_1/imports/imports/new/adder.sv:23]
	Parameter N bound to: 32 - type: integer 
INFO: [Synth 8-638] synthesizing module 'fulladder' [C:/Users/Randy/Desktop/Comp541/Lab10/Lab10.srcs/sources_1/imports/sources_1/imports/imports/sources_1/imports/new/fulladder.sv:23]
INFO: [Synth 8-256] done synthesizing module 'fulladder' (20#1) [C:/Users/Randy/Desktop/Comp541/Lab10/Lab10.srcs/sources_1/imports/sources_1/imports/imports/sources_1/imports/new/fulladder.sv:23]
INFO: [Synth 8-256] done synthesizing module 'adder' (21#1) [C:/Users/Randy/Desktop/Comp541/Lab10/Lab10.srcs/sources_1/imports/sources_1/imports/imports/new/adder.sv:23]
INFO: [Synth 8-256] done synthesizing module 'addsub' (22#1) [C:/Users/Randy/Desktop/Comp541/Lab10/Lab10.srcs/sources_1/imports/sources_1/imports/imports/new/addsub.sv:23]
INFO: [Synth 8-638] synthesizing module 'shifter' [C:/Users/Randy/Desktop/Comp541/Lab10/Lab10.srcs/sources_1/imports/sources_1/imports/imports/sources_1/new/shifter.sv:23]
	Parameter N bound to: 32 - type: integer 
INFO: [Synth 8-256] done synthesizing module 'shifter' (23#1) [C:/Users/Randy/Desktop/Comp541/Lab10/Lab10.srcs/sources_1/imports/sources_1/imports/imports/sources_1/new/shifter.sv:23]
INFO: [Synth 8-638] synthesizing module 'logical' [C:/Users/Randy/Desktop/Comp541/Lab10/Lab10.srcs/sources_1/imports/sources_1/imports/imports/sources_1/new/logical.sv:23]
	Parameter N bound to: 32 - type: integer 
INFO: [Synth 8-256] done synthesizing module 'logical' (24#1) [C:/Users/Randy/Desktop/Comp541/Lab10/Lab10.srcs/sources_1/imports/sources_1/imports/imports/sources_1/new/logical.sv:23]
INFO: [Synth 8-638] synthesizing module 'comparator' [C:/Users/Randy/Desktop/Comp541/Lab10/Lab10.srcs/sources_1/imports/sources_1/imports/imports/sources_1/new/comparator.sv:23]
INFO: [Synth 8-256] done synthesizing module 'comparator' (25#1) [C:/Users/Randy/Desktop/Comp541/Lab10/Lab10.srcs/sources_1/imports/sources_1/imports/imports/sources_1/new/comparator.sv:23]
INFO: [Synth 8-256] done synthesizing module 'ALU' (26#1) [C:/Users/Randy/Desktop/Comp541/Lab10/Lab10.srcs/sources_1/imports/sources_1/imports/imports/sources_1/new/ALU.sv:23]
INFO: [Synth 8-638] synthesizing module 'register_file' [C:/Users/Randy/Desktop/Comp541/Lab10/Lab10.srcs/sources_1/imports/sources_1/imports/new/register_file.sv:23]
	Parameter Nloc bound to: 32 - type: integer 
	Parameter Dbits bound to: 32 - type: integer 
	Parameter initfile bound to: reg_data.mem - type: string 
INFO: [Synth 8-3876] $readmem data file 'reg_data.mem' is read successfully [C:/Users/Randy/Desktop/Comp541/Lab10/Lab10.srcs/sources_1/imports/sources_1/imports/new/register_file.sv:39]
INFO: [Synth 8-256] done synthesizing module 'register_file' (27#1) [C:/Users/Randy/Desktop/Comp541/Lab10/Lab10.srcs/sources_1/imports/sources_1/imports/new/register_file.sv:23]
INFO: [Synth 8-256] done synthesizing module 'fulldatapath' (28#1) [C:/Users/Randy/Desktop/Comp541/Lab10/Lab10.srcs/sources_1/imports/sources_1/new/fulldatapath.sv:24]
INFO: [Synth 8-256] done synthesizing module 'mips' (29#1) [C:/Users/Randy/Desktop/Comp541/Lab10/Lab10.srcs/sources_1/imports/sources_1/new/mips.sv:11]
INFO: [Synth 8-638] synthesizing module 'imem' [C:/Users/Randy/Desktop/Comp541/Lab10/Lab10.srcs/sources_1/imports/sources_1/new/imem.sv:24]
	Parameter Nloc bound to: 512 - type: integer 
	Parameter Dbits bound to: 32 - type: integer 
	Parameter initfile bound to: instr_data.mem - type: string 
INFO: [Synth 8-3876] $readmem data file 'instr_data.mem' is read successfully [C:/Users/Randy/Desktop/Comp541/Lab10/Lab10.srcs/sources_1/imports/sources_1/new/imem.sv:35]
INFO: [Synth 8-256] done synthesizing module 'imem' (30#1) [C:/Users/Randy/Desktop/Comp541/Lab10/Lab10.srcs/sources_1/imports/sources_1/new/imem.sv:24]
INFO: [Synth 8-638] synthesizing module 'memIO' [C:/Users/Randy/Desktop/Comp541/Lab10/Lab10.srcs/sources_1/new/memIO.sv:23]
	Parameter initmem bound to: mem_data.mem - type: string 
	Parameter initscreen bound to: screen_data.mem - type: string 
	Parameter dmem_size bound to: 1024 - type: integer 
	Parameter screenxsize bound to: 40 - type: integer 
	Parameter screenysize bound to: 30 - type: integer 
INFO: [Synth 8-638] synthesizing module 'dmem' [C:/Users/Randy/Desktop/Comp541/Lab10/Lab10.srcs/sources_1/imports/sources_1/new/dmem.sv:24]
	Parameter Nloc bound to: 1024 - type: integer 
	Parameter Dbits bound to: 32 - type: integer 
	Parameter initfile bound to: mem_data.mem - type: string 
INFO: [Synth 8-638] synthesizing module 'ram_module' [C:/Users/Randy/Desktop/Comp541/Lab10/Lab10.srcs/sources_1/imports/sources_1/imports/new/ram_module.sv:11]
	Parameter Nloc bound to: 1024 - type: integer 
	Parameter Dbits bound to: 32 - type: integer 
	Parameter initfile bound to: mem_data.mem - type: string 
INFO: [Synth 8-3876] $readmem data file 'mem_data.mem' is read successfully [C:/Users/Randy/Desktop/Comp541/Lab10/Lab10.srcs/sources_1/imports/sources_1/imports/new/ram_module.sv:25]
INFO: [Synth 8-256] done synthesizing module 'ram_module' (31#1) [C:/Users/Randy/Desktop/Comp541/Lab10/Lab10.srcs/sources_1/imports/sources_1/imports/new/ram_module.sv:11]
INFO: [Synth 8-256] done synthesizing module 'dmem' (32#1) [C:/Users/Randy/Desktop/Comp541/Lab10/Lab10.srcs/sources_1/imports/sources_1/new/dmem.sv:24]
INFO: [Synth 8-638] synthesizing module 'screenmem' [C:/Users/Randy/Desktop/Comp541/Lab10/Lab10.srcs/sources_1/new/screenmem.sv:24]
	Parameter xsize bound to: 40 - type: integer 
	Parameter ysize bound to: 30 - type: integer 
	Parameter Dbits bound to: 32 - type: integer 
	Parameter initfile bound to: screen_data.mem - type: string 
INFO: [Synth 8-3876] $readmem data file 'screen_data.mem' is read successfully [C:/Users/Randy/Desktop/Comp541/Lab10/Lab10.srcs/sources_1/new/screenmem.sv:42]
INFO: [Synth 8-256] done synthesizing module 'screenmem' (33#1) [C:/Users/Randy/Desktop/Comp541/Lab10/Lab10.srcs/sources_1/new/screenmem.sv:24]
WARNING: [Synth 8-689] width (32) of port connection 'rwaddr' does not match port width (13) of module 'screenmem' [C:/Users/Randy/Desktop/Comp541/Lab10/Lab10.srcs/sources_1/new/memIO.sv:63]
WARNING: [Synth 8-689] width (4) of port connection 'screenread' does not match port width (32) of module 'screenmem' [C:/Users/Randy/Desktop/Comp541/Lab10/Lab10.srcs/sources_1/new/memIO.sv:63]
INFO: [Synth 8-256] done synthesizing module 'memIO' (34#1) [C:/Users/Randy/Desktop/Comp541/Lab10/Lab10.srcs/sources_1/new/memIO.sv:23]
INFO: [Synth 8-256] done synthesizing module 'top' (35#1) [C:/Users/Randy/Desktop/Comp541/Lab10/Lab10.srcs/sources_1/imports/sources_1/new/top.sv:11]
WARNING: [Synth 8-3917] design top has port audEn driven by constant 1
WARNING: [Synth 8-3331] design fulldatapath has unconnected port instr[31]
WARNING: [Synth 8-3331] design fulldatapath has unconnected port instr[30]
WARNING: [Synth 8-3331] design fulldatapath has unconnected port instr[29]
WARNING: [Synth 8-3331] design fulldatapath has unconnected port instr[28]
WARNING: [Synth 8-3331] design fulldatapath has unconnected port instr[27]
WARNING: [Synth 8-3331] design fulldatapath has unconnected port instr[26]
---------------------------------------------------------------------------------
Finished RTL Elaboration : Time (s): cpu = 00:00:10 ; elapsed = 00:00:15 . Memory (MB): peak = 318.531 ; gain = 108.406
---------------------------------------------------------------------------------

Report Check Netlist: 
+------+------------------+-------+---------+-------+------------------+
|      |Item              |Errors |Warnings |Status |Description       |
+------+------------------+-------+---------+-------+------------------+
|1     |multi_driven_nets |      0|        0|Passed |Multi driven nets |
+------+------------------+-------+---------+-------+------------------+
---------------------------------------------------------------------------------
Finished RTL Optimization Phase 1 : Time (s): cpu = 00:00:10 ; elapsed = 00:00:16 . Memory (MB): peak = 318.531 ; gain = 108.406
---------------------------------------------------------------------------------
INFO: [Netlist 29-17] Analyzing 6 Unisim elements for replacement
INFO: [Netlist 29-28] Unisim Transformation completed in 0 CPU seconds
INFO: [Device 21-403] Loading part xc7a100tcsg324-1
INFO: [Project 1-570] Preparing netlist for logic optimization

Processing XDC Constraints
Initializing timing engine
Parsing XDC File [C:/Users/Randy/Desktop/Comp541/Lab10/Lab10.srcs/constrs_1/new/interface.xdc]
Finished Parsing XDC File [C:/Users/Randy/Desktop/Comp541/Lab10/Lab10.srcs/constrs_1/new/interface.xdc]
INFO: [Project 1-236] Implementation specific constraints were found while reading constraint file [C:/Users/Randy/Desktop/Comp541/Lab10/Lab10.srcs/constrs_1/new/interface.xdc]. These constraints will be ignored for synthesis but will be used in implementation. Impacted constraints are listed in the file [.Xil/top_propImpl.xdc].
Resolution: To avoid this warning, move constraints listed in [.Xil/top_propImpl.xdc] to another XDC file and exclude this new file from synthesis with the used_in_synthesis property (File Properties dialog in GUI) and re-run elaboration/synthesis.
INFO: [Timing 38-2] Deriving generated clocks
Completed Processing XDC Constraints

INFO: [Project 1-111] Unisim Transformation Summary:
  A total of 6 instances were transformed.
  BUFGMUX => BUFGCTRL (inverted pins: CE0): 4 instances
  INV => LUT1: 1 instances
  MMCME2_BASE => MMCME2_ADV: 1 instances

Constraint Validation Runtime : Time (s): cpu = 00:00:00 ; elapsed = 00:00:00.012 . Memory (MB): peak = 634.828 ; gain = 0.000
---------------------------------------------------------------------------------
Finished Constraint Validation : Time (s): cpu = 00:00:25 ; elapsed = 00:00:33 . Memory (MB): peak = 634.828 ; gain = 424.703
---------------------------------------------------------------------------------
---------------------------------------------------------------------------------
Start Loading Part and Timing Information
---------------------------------------------------------------------------------
Loading part: xc7a100tcsg324-1
---------------------------------------------------------------------------------
Finished Loading Part and Timing Information : Time (s): cpu = 00:00:25 ; elapsed = 00:00:33 . Memory (MB): peak = 634.828 ; gain = 424.703
---------------------------------------------------------------------------------
---------------------------------------------------------------------------------
Start Applying 'set_property' XDC Constraints
---------------------------------------------------------------------------------
---------------------------------------------------------------------------------
Finished applying 'set_property' XDC Constraints : Time (s): cpu = 00:00:25 ; elapsed = 00:00:33 . Memory (MB): peak = 634.828 ; gain = 424.703
---------------------------------------------------------------------------------
INFO: [Synth 8-5544] ROM "count" won't be mapped to Block RAM because address size (2) smaller than threshold (5)
INFO: [Synth 8-802] inferred FSM for state register 'StC_reg' in module 'SPI_If'
INFO: [Synth 8-5546] ROM "SCLK_2X_TICK" won't be mapped to RAM because it is too sparse
INFO: [Synth 8-5546] ROM "StN" won't be mapped to RAM because it is too sparse
INFO: [Synth 8-802] inferred FSM for state register 'StC_Spi_SendRec_reg' in module 'ADXL362Ctrl'
INFO: [Synth 8-802] inferred FSM for state register 'StC_Spi_Trans_reg' in module 'ADXL362Ctrl'
INFO: [Synth 8-802] inferred FSM for state register 'StC_Adxl_Ctrl_reg' in module 'ADXL362Ctrl'
INFO: [Synth 8-5546] ROM "Cnt_SS_Inactive_done" won't be mapped to RAM because it is too sparse
INFO: [Synth 8-5544] ROM "Cnt_Num_Reads_Done" won't be mapped to Block RAM because address size (4) smaller than threshold (5)
INFO: [Synth 8-5546] ROM "Sample_Rate_Tick" won't be mapped to RAM because it is too sparse
INFO: [Synth 8-5544] ROM "Cmd_Reg_Addr_Done" won't be mapped to Block RAM because address size (2) smaller than threshold (5)
INFO: [Synth 8-5544] ROM "StN_Spi_SendRec" won't be mapped to Block RAM because address size (1) smaller than threshold (5)
INFO: [Synth 8-5544] ROM "StN_Spi_SendRec" won't be mapped to Block RAM because address size (1) smaller than threshold (5)
INFO: [Synth 8-5544] ROM "StN_Spi_SendRec" won't be mapped to Block RAM because address size (1) smaller than threshold (5)
INFO: [Synth 8-5546] ROM "StN_Spi_Trans" won't be mapped to RAM because it is too sparse
INFO: [Synth 8-5544] ROM "StN_Adxl_Ctrl" won't be mapped to Block RAM because address size (1) smaller than threshold (5)
INFO: [Synth 8-5544] ROM "StN_Adxl_Ctrl" won't be mapped to Block RAM because address size (1) smaller than threshold (5)
INFO: [Synth 8-5546] ROM "Cnt_SS_Inactive_done" won't be mapped to RAM because it is too sparse
INFO: [Synth 8-5544] ROM "Cnt_Num_Reads_Done" won't be mapped to Block RAM because address size (4) smaller than threshold (5)
INFO: [Synth 8-5546] ROM "Sample_Rate_Tick" won't be mapped to RAM because it is too sparse
INFO: [Synth 8-5544] ROM "Cmd_Reg_Addr_Done" won't be mapped to Block RAM because address size (2) smaller than threshold (5)
INFO: [Synth 8-5544] ROM "StN_Spi_SendRec" won't be mapped to Block RAM because address size (1) smaller than threshold (5)
INFO: [Synth 8-5544] ROM "StN_Spi_SendRec" won't be mapped to Block RAM because address size (1) smaller than threshold (5)
INFO: [Synth 8-5544] ROM "StN_Spi_SendRec" won't be mapped to Block RAM because address size (1) smaller than threshold (5)
INFO: [Synth 8-5546] ROM "StN_Spi_Trans" won't be mapped to RAM because it is too sparse
INFO: [Synth 8-5544] ROM "StN_Adxl_Ctrl" won't be mapped to Block RAM because address size (1) smaller than threshold (5)
INFO: [Synth 8-5544] ROM "StN_Adxl_Ctrl" won't be mapped to Block RAM because address size (1) smaller than threshold (5)
INFO: [Synth 8-5544] ROM "Cmd_Reg_Data[0]" won't be mapped to Block RAM because address size (3) smaller than threshold (5)
INFO: [Synth 8-5544] ROM "Cmd_Reg_Data[0]" won't be mapped to Block RAM because address size (3) smaller than threshold (5)
INFO: [Synth 8-5544] ROM "Cmd_Reg[1]" won't be mapped to Block RAM because address size (1) smaller than threshold (5)
INFO: [Synth 8-5544] ROM "Cmd_Reg[2]" won't be mapped to Block RAM because address size (1) smaller than threshold (5)
INFO: [Synth 8-5544] ROM "Cnt_Bytes_Sent" won't be mapped to Block RAM because address size (1) smaller than threshold (5)
INFO: [Synth 8-5546] ROM "RESET_INT" won't be mapped to RAM because it is too sparse
INFO: [Synth 8-5546] ROM "mem" won't be mapped to RAM because it is too sparse
INFO: [Synth 8-5544] ROM "period" won't be mapped to Block RAM because address size (3) smaller than threshold (5)
INFO: [Synth 8-5544] ROM "leds" won't be mapped to Block RAM because address size (3) smaller than threshold (5)
---------------------------------------------------------------------------------------------------
                   State |                     New Encoding |                Previous Encoding 
---------------------------------------------------------------------------------------------------
                  stidle |                               00 |                         10100000
               stprepare |                               01 |                         00001001
                 stshift |                               10 |                         01011011
                  stdone |                               11 |                         00001110
---------------------------------------------------------------------------------------------------
INFO: [Synth 8-3354] encoded FSM with state register 'StC_reg' using encoding 'sequential' in module 'SPI_If'
---------------------------------------------------------------------------------------------------
                   State |                     New Encoding |                Previous Encoding 
---------------------------------------------------------------------------------------------------
        stspisendrecidle |                              000 |                          0000000
         stspipreparecmd |                              001 |                          1000001
         stspisendstartw |                              010 |                          0001011
        stspiwaitondonew |                              011 |                          0000111
         stspisendstartr |                              100 |                          0001110
        stspiwaitondoner |                              101 |                          0100100
        stspisendrecdone |                              110 |                          0010101
---------------------------------------------------------------------------------------------------
INFO: [Synth 8-3354] encoded FSM with state register 'StC_Spi_SendRec_reg' using encoding 'sequential' in module 'ADXL362Ctrl'
---------------------------------------------------------------------------------------------------
                   State |                     New Encoding |                Previous Encoding 
---------------------------------------------------------------------------------------------------
          stspitransidle |                              000 |                       0000000000
     stspiprepandsendcmd |                              001 |                       1111100001
       stspiwaitondonesr |                              010 |                       0000110011
     stspiwaitforssinact |                              011 |                       0000000010
          stspitransdone |                              100 |                       0000001110
---------------------------------------------------------------------------------------------------
INFO: [Synth 8-3354] encoded FSM with state register 'StC_Spi_Trans_reg' using encoding 'sequential' in module 'ADXL362Ctrl'
---------------------------------------------------------------------------------------------------
                   State |                     New Encoding |                Previous Encoding 
---------------------------------------------------------------------------------------------------
          stadxlctrlidle |                             0000 |                     100100000000
      stadxlsendresetcmd |                             0001 |                     011001000001
     stadxlwaitresetdone |                             0010 |                     010000000011
    stadxlconf_remaining |                             0011 |                     011001000010
stadxlwaitsampleratetick |                             0100 |                     000100000110
       stadxlread_status |                             0101 |                     011001000111
         stadxlread_data |                             0110 |                     011000000101
      stadxlformatandsum |                             0111 |                     000010101101
         stadxlread_done |                             1000 |                     000001011111
---------------------------------------------------------------------------------------------------
INFO: [Synth 8-3354] encoded FSM with state register 'StC_Adxl_Ctrl_reg' using encoding 'sequential' in module 'ADXL362Ctrl'
---------------------------------------------------------------------------------
Finished RTL Optimization Phase 2 : Time (s): cpu = 00:00:28 ; elapsed = 00:00:36 . Memory (MB): peak = 634.828 ; gain = 424.703
---------------------------------------------------------------------------------

Report RTL Partitions: 
+-+--------------+------------+----------+
| |RTL Partition |Replication |Instances |
+-+--------------+------------+----------+
+-+--------------+------------+----------+
---------------------------------------------------------------------------------
Start RTL Component Statistics 
---------------------------------------------------------------------------------
Detailed RTL Component Info : 
+---Adders : 
	   2 Input     32 Bit       Adders := 3     
	   2 Input     20 Bit       Adders := 1     
	   2 Input     13 Bit       Adders := 6     
	   2 Input     10 Bit       Adders := 7     
	   2 Input      6 Bit       Adders := 1     
	   2 Input      4 Bit       Adders := 2     
	   2 Input      3 Bit       Adders := 3     
	   2 Input      2 Bit       Adders := 3     
+---XORs : 
	   2 Input     32 Bit         XORs := 2     
	   2 Input      1 Bit         XORs := 66    
+---Registers : 
	               32 Bit    Registers := 4     
	               20 Bit    Registers := 1     
	               16 Bit    Registers := 1     
	               13 Bit    Registers := 3     
	               12 Bit    Registers := 4     
	               10 Bit    Registers := 8     
	                8 Bit    Registers := 14    
	                7 Bit    Registers := 1     
	                6 Bit    Registers := 1     
	                4 Bit    Registers := 2     
	                3 Bit    Registers := 3     
	                2 Bit    Registers := 4     
	                1 Bit    Registers := 6     
+---Muxes : 
	   2 Input     32 Bit        Muxes := 12    
	   4 Input     32 Bit        Muxes := 3     
	   5 Input     32 Bit        Muxes := 1     
	   3 Input     32 Bit        Muxes := 2     
	 390 Input     32 Bit        Muxes := 1     
	   2 Input     20 Bit        Muxes := 1     
	   2 Input     13 Bit        Muxes := 3     
	   9 Input     12 Bit        Muxes := 1     
	   4 Input     12 Bit        Muxes := 1     
	   2 Input     10 Bit        Muxes := 5     
	   5 Input     10 Bit        Muxes := 1     
	   4 Input     10 Bit        Muxes := 4     
	  10 Input     10 Bit        Muxes := 1     
	   8 Input      8 Bit        Muxes := 1     
	   4 Input      8 Bit        Muxes := 1     
	   2 Input      8 Bit        Muxes := 3     
	   5 Input      8 Bit        Muxes := 2     
	   7 Input      7 Bit        Muxes := 1     
	   8 Input      7 Bit        Muxes := 2     
	  12 Input      5 Bit        Muxes := 1     
	  10 Input      5 Bit        Muxes := 1     
	   4 Input      5 Bit        Muxes := 1     
	   3 Input      5 Bit        Muxes := 1     
	   2 Input      4 Bit        Muxes := 4     
	  12 Input      4 Bit        Muxes := 1     
	   2 Input      3 Bit        Muxes := 4     
	  12 Input      3 Bit        Muxes := 1     
	   5 Input      3 Bit        Muxes := 1     
	   4 Input      3 Bit        Muxes := 1     
	   4 Input      2 Bit        Muxes := 3     
	   2 Input      2 Bit        Muxes := 4     
	   2 Input      1 Bit        Muxes := 33    
	   4 Input      1 Bit        Muxes := 1     
	   7 Input      1 Bit        Muxes := 1     
	   5 Input      1 Bit        Muxes := 1     
	   9 Input      1 Bit        Muxes := 1     
---------------------------------------------------------------------------------
Finished RTL Component Statistics 
---------------------------------------------------------------------------------
---------------------------------------------------------------------------------
Start RTL Hierarchical Component Statistics 
---------------------------------------------------------------------------------
Hierarchical RTL Component report 
Module clockdivider_Nexys4 
Detailed RTL Component Info : 
+---Adders : 
	   2 Input      3 Bit       Adders := 1     
+---Registers : 
	                3 Bit    Registers := 1     
Module display8digit 
Detailed RTL Component Info : 
+---Muxes : 
	   8 Input      8 Bit        Muxes := 1     
Module xycounter 
Detailed RTL Component Info : 
+---Adders : 
	   2 Input     10 Bit       Adders := 2     
+---Registers : 
	               10 Bit    Registers := 2     
+---Muxes : 
	   2 Input     10 Bit        Muxes := 5     
Module vgatimer 
Detailed RTL Component Info : 
+---Adders : 
	   2 Input      2 Bit       Adders := 1     
+---Registers : 
	                2 Bit    Registers := 1     
Module vgadisplaydriver 
Detailed RTL Component Info : 
+---Muxes : 
	   2 Input      4 Bit        Muxes := 3     
Module keyboard 
Detailed RTL Component Info : 
+---Adders : 
	   2 Input      4 Bit       Adders := 1     
+---Registers : 
	               32 Bit    Registers := 2     
	               10 Bit    Registers := 1     
	                4 Bit    Registers := 1     
	                2 Bit    Registers := 1     
+---Muxes : 
	   2 Input     32 Bit        Muxes := 1     
	   2 Input      1 Bit        Muxes := 1     
Module SPI_If 
Detailed RTL Component Info : 
+---Adders : 
	   2 Input      6 Bit       Adders := 1     
	   2 Input      3 Bit       Adders := 1     
+---Registers : 
	                8 Bit    Registers := 3     
	                6 Bit    Registers := 1     
	                3 Bit    Registers := 1     
	                1 Bit    Registers := 3     
+---Muxes : 
	   4 Input      8 Bit        Muxes := 1     
	   2 Input      8 Bit        Muxes := 2     
	   2 Input      3 Bit        Muxes := 1     
	   4 Input      2 Bit        Muxes := 1     
	   2 Input      1 Bit        Muxes := 3     
	   4 Input      1 Bit        Muxes := 1     
Module ADXL362Ctrl 
Detailed RTL Component Info : 
+---Adders : 
	   2 Input     20 Bit       Adders := 1     
	   2 Input     10 Bit       Adders := 1     
	   2 Input      4 Bit       Adders := 1     
	   2 Input      3 Bit       Adders := 1     
	   2 Input      2 Bit       Adders := 2     
+---Registers : 
	               20 Bit    Registers := 1     
	               12 Bit    Registers := 4     
	               10 Bit    Registers := 1     
	                8 Bit    Registers := 11    
	                7 Bit    Registers := 1     
	                4 Bit    Registers := 1     
	                3 Bit    Registers := 1     
	                2 Bit    Registers := 2     
	                1 Bit    Registers := 2     
+---Muxes : 
	   2 Input     20 Bit        Muxes := 1     
	   9 Input     12 Bit        Muxes := 1     
	   5 Input     10 Bit        Muxes := 1     
	   5 Input      8 Bit        Muxes := 2     
	   2 Input      8 Bit        Muxes := 1     
	   7 Input      7 Bit        Muxes := 1     
	   8 Input      7 Bit        Muxes := 2     
	   2 Input      4 Bit        Muxes := 1     
	  12 Input      4 Bit        Muxes := 1     
	   2 Input      3 Bit        Muxes := 3     
	  12 Input      3 Bit        Muxes := 1     
	   5 Input      3 Bit        Muxes := 1     
	   4 Input      3 Bit        Muxes := 1     
	   4 Input      2 Bit        Muxes := 1     
	   2 Input      2 Bit        Muxes := 2     
	   2 Input      1 Bit        Muxes := 21    
	   7 Input      1 Bit        Muxes := 1     
	   5 Input      1 Bit        Muxes := 1     
	   9 Input      1 Bit        Muxes := 1     
Module AccelArithmetics 
Detailed RTL Component Info : 
+---Adders : 
	   2 Input     13 Bit       Adders := 6     
	   2 Input     10 Bit       Adders := 3     
+---Registers : 
	               13 Bit    Registers := 3     
	               10 Bit    Registers := 3     
+---Muxes : 
	   2 Input     13 Bit        Muxes := 3     
	   4 Input     10 Bit        Muxes := 3     
Module AccelerometerCtl 
Detailed RTL Component Info : 
+---Adders : 
	   2 Input     10 Bit       Adders := 1     
+---Registers : 
	               10 Bit    Registers := 1     
	                1 Bit    Registers := 1     
+---Muxes : 
	   2 Input      1 Bit        Muxes := 1     
Module montek_sound_Nexys4 
Detailed RTL Component Info : 
+---Adders : 
	   2 Input     32 Bit       Adders := 1     
Module controller 
Detailed RTL Component Info : 
+---Muxes : 
	   4 Input     10 Bit        Muxes := 1     
	  10 Input     10 Bit        Muxes := 1     
	  12 Input      5 Bit        Muxes := 1     
	  10 Input      5 Bit        Muxes := 1     
	   2 Input      2 Bit        Muxes := 2     
	   2 Input      1 Bit        Muxes := 1     
Module fulladder 
Detailed RTL Component Info : 
+---XORs : 
	   2 Input      1 Bit         XORs := 2     
Module adder 
Detailed RTL Component Info : 
+---XORs : 
	   2 Input      1 Bit         XORs := 1     
Module addsub 
Detailed RTL Component Info : 
+---XORs : 
	   2 Input     32 Bit         XORs := 1     
Module shifter 
Detailed RTL Component Info : 
+---Muxes : 
	   2 Input     32 Bit        Muxes := 2     
Module logical 
Detailed RTL Component Info : 
+---XORs : 
	   2 Input     32 Bit         XORs := 1     
+---Muxes : 
	   4 Input     32 Bit        Muxes := 1     
Module comparator 
Detailed RTL Component Info : 
+---XORs : 
	   2 Input      1 Bit         XORs := 1     
+---Muxes : 
	   2 Input      1 Bit        Muxes := 1     
Module ALU 
Detailed RTL Component Info : 
+---Muxes : 
	   2 Input     32 Bit        Muxes := 3     
Module register_file 
Detailed RTL Component Info : 
+---Muxes : 
	   2 Input     32 Bit        Muxes := 2     
Module fulldatapath 
Detailed RTL Component Info : 
+---Adders : 
	   2 Input     32 Bit       Adders := 2     
+---Registers : 
	               32 Bit    Registers := 1     
+---Muxes : 
	   2 Input     32 Bit        Muxes := 3     
	   4 Input     32 Bit        Muxes := 2     
	   5 Input     32 Bit        Muxes := 1     
	   3 Input     32 Bit        Muxes := 1     
	   4 Input      5 Bit        Muxes := 1     
	   3 Input      5 Bit        Muxes := 1     
	   4 Input      2 Bit        Muxes := 1     
Module imem 
Detailed RTL Component Info : 
+---Muxes : 
	 390 Input     32 Bit        Muxes := 1     
Module memIO 
Detailed RTL Component Info : 
+---Registers : 
	               32 Bit    Registers := 1     
	               16 Bit    Registers := 1     
+---Muxes : 
	   2 Input     32 Bit        Muxes := 1     
	   3 Input     32 Bit        Muxes := 1     
	   4 Input     12 Bit        Muxes := 1     
	   2 Input      1 Bit        Muxes := 5     
---------------------------------------------------------------------------------
Finished RTL Hierarchical Component Statistics
---------------------------------------------------------------------------------
---------------------------------------------------------------------------------
Start Part Resource Summary
---------------------------------------------------------------------------------
Part Resources:
DSPs: 240 (col length:80)
BRAMs: 270 (col length: RAMB18 80 RAMB36 40)
---------------------------------------------------------------------------------
Finished Part Resource Summary
---------------------------------------------------------------------------------
---------------------------------------------------------------------------------
Start Cross Boundary and Area Optimization
---------------------------------------------------------------------------------
INFO: [Synth 8-5544] ROM "p_0_out" won't be mapped to Block RAM because address size (4) smaller than threshold (5)
INFO: [Synth 8-4471] merging register 'accel/ADXL_Control/Cmd_Reg_Data_Addr_reg[1:0]' into 'accel/ADXL_Control/Cmd_Reg_Data_Addr_reg[1:0]' [C:/Users/Randy/Desktop/Comp541/Lab10/Lab10.srcs/sources_1/imports/new/ADXL362Ctrl.vhd:451]
INFO: [Synth 8-4471] merging register 'accel/ADXL_Control/Cmd_Reg_Data_Addr_reg[1:0]' into 'accel/ADXL_Control/Cmd_Reg_Data_Addr_reg[1:0]' [C:/Users/Randy/Desktop/Comp541/Lab10/Lab10.srcs/sources_1/imports/new/ADXL362Ctrl.vhd:451]
INFO: [Synth 8-5546] ROM "accel/ADXL_Control/SPI_Interface/SCLK_2X_TICK" won't be mapped to RAM because it is too sparse
INFO: [Synth 8-5546] ROM "accel/ADXL_Control/Sample_Rate_Tick" won't be mapped to RAM because it is too sparse
INFO: [Synth 8-5546] ROM "accel/ADXL_Control/Cnt_SS_Inactive_done" won't be mapped to RAM because it is too sparse
INFO: [Synth 8-5546] ROM "accel/RESET_INT" won't be mapped to RAM because it is too sparse
WARNING: [Synth 8-3917] design top has port audEn driven by constant 1
WARNING: [Synth 8-3331] design memIO has unconnected port addr[31]
WARNING: [Synth 8-3331] design memIO has unconnected port addr[30]
WARNING: [Synth 8-3331] design memIO has unconnected port addr[29]
WARNING: [Synth 8-3331] design memIO has unconnected port addr[28]
WARNING: [Synth 8-3331] design memIO has unconnected port addr[27]
WARNING: [Synth 8-3331] design memIO has unconnected port addr[26]
WARNING: [Synth 8-3331] design memIO has unconnected port addr[25]
WARNING: [Synth 8-3331] design memIO has unconnected port addr[24]
WARNING: [Synth 8-3331] design memIO has unconnected port addr[23]
WARNING: [Synth 8-3331] design memIO has unconnected port addr[22]
WARNING: [Synth 8-3331] design memIO has unconnected port addr[21]
WARNING: [Synth 8-3331] design memIO has unconnected port addr[20]
WARNING: [Synth 8-3331] design memIO has unconnected port addr[19]
WARNING: [Synth 8-3331] design memIO has unconnected port addr[18]
WARNING: [Synth 8-3331] design memIO has unconnected port addr[15]
WARNING: [Synth 8-3331] design memIO has unconnected port addr[14]
WARNING: [Synth 8-3331] design memIO has unconnected port addr[13]
WARNING: [Synth 8-3331] design memIO has unconnected port addr[1]
WARNING: [Synth 8-3331] design memIO has unconnected port addr[0]
WARNING: [Synth 8-3331] design imem has unconnected port addr[31]
WARNING: [Synth 8-3331] design imem has unconnected port addr[30]
WARNING: [Synth 8-3331] design imem has unconnected port addr[29]
WARNING: [Synth 8-3331] design imem has unconnected port addr[28]
WARNING: [Synth 8-3331] design imem has unconnected port addr[27]
WARNING: [Synth 8-3331] design imem has unconnected port addr[26]
WARNING: [Synth 8-3331] design imem has unconnected port addr[25]
WARNING: [Synth 8-3331] design imem has unconnected port addr[24]
WARNING: [Synth 8-3331] design imem has unconnected port addr[23]
WARNING: [Synth 8-3331] design imem has unconnected port addr[22]
WARNING: [Synth 8-3331] design imem has unconnected port addr[21]
WARNING: [Synth 8-3331] design imem has unconnected port addr[20]
WARNING: [Synth 8-3331] design imem has unconnected port addr[19]
WARNING: [Synth 8-3331] design imem has unconnected port addr[18]
WARNING: [Synth 8-3331] design imem has unconnected port addr[17]
WARNING: [Synth 8-3331] design imem has unconnected port addr[16]
WARNING: [Synth 8-3331] design imem has unconnected port addr[15]
WARNING: [Synth 8-3331] design imem has unconnected port addr[14]
WARNING: [Synth 8-3331] design imem has unconnected port addr[13]
WARNING: [Synth 8-3331] design imem has unconnected port addr[12]
WARNING: [Synth 8-3331] design imem has unconnected port addr[11]
WARNING: [Synth 8-3331] design imem has unconnected port addr[1]
WARNING: [Synth 8-3331] design imem has unconnected port addr[0]
INFO: [Synth 8-3886] merging instance 'accel/accel/ADXL_Control/Cmd_Reg_reg[0][0]' (FDRE) to 'accel/accel/ADXL_Control/Cmd_Reg_reg[0][5]'
INFO: [Synth 8-3886] merging instance 'accel/accel/ADXL_Control/Cmd_Reg_reg[0][3]' (FDRE) to 'accel/accel/ADXL_Control/Cmd_Reg_reg[0][5]'
INFO: [Synth 8-3333] propagating constant 0 across sequential element (accel/\accel/ADXL_Control/Cmd_Reg_reg[0][5] )
INFO: [Synth 8-3333] propagating constant 0 across sequential element (accel/\accel/ADXL_Control/Cmd_Reg_reg[1][7] )
WARNING: [Synth 8-3332] Sequential element (count_reg[19]) is unused and will be removed from module display8digit.
WARNING: [Synth 8-3332] Sequential element (count_reg[20]) is unused and will be removed from module display8digit.
WARNING: [Synth 8-3332] Sequential element (count_reg[21]) is unused and will be removed from module display8digit.
WARNING: [Synth 8-3332] Sequential element (count_reg[22]) is unused and will be removed from module display8digit.
WARNING: [Synth 8-3332] Sequential element (count_reg[23]) is unused and will be removed from module display8digit.
WARNING: [Synth 8-3332] Sequential element (count_reg[24]) is unused and will be removed from module display8digit.
WARNING: [Synth 8-3332] Sequential element (count_reg[25]) is unused and will be removed from module display8digit.
WARNING: [Synth 8-3332] Sequential element (count_reg[26]) is unused and will be removed from module display8digit.
WARNING: [Synth 8-3332] Sequential element (count_reg[27]) is unused and will be removed from module display8digit.
WARNING: [Synth 8-3332] Sequential element (count_reg[28]) is unused and will be removed from module display8digit.
WARNING: [Synth 8-3332] Sequential element (count_reg[29]) is unused and will be removed from module display8digit.
WARNING: [Synth 8-3332] Sequential element (count_reg[30]) is unused and will be removed from module display8digit.
WARNING: [Synth 8-3332] Sequential element (count_reg[31]) is unused and will be removed from module display8digit.
WARNING: [Synth 8-3332] Sequential element (temp_char_reg[31]) is unused and will be removed from module keyboard.
WARNING: [Synth 8-3332] Sequential element (temp_char_reg[30]) is unused and will be removed from module keyboard.
WARNING: [Synth 8-3332] Sequential element (temp_char_reg[29]) is unused and will be removed from module keyboard.
WARNING: [Synth 8-3332] Sequential element (temp_char_reg[28]) is unused and will be removed from module keyboard.
WARNING: [Synth 8-3332] Sequential element (temp_char_reg[27]) is unused and will be removed from module keyboard.
WARNING: [Synth 8-3332] Sequential element (temp_char_reg[26]) is unused and will be removed from module keyboard.
WARNING: [Synth 8-3332] Sequential element (temp_char_reg[25]) is unused and will be removed from module keyboard.
WARNING: [Synth 8-3332] Sequential element (temp_char_reg[24]) is unused and will be removed from module keyboard.
WARNING: [Synth 8-3332] Sequential element (accel/ADXL_Control/Cmd_Reg_reg[0][5]) is unused and will be removed from module accelerometer.
WARNING: [Synth 8-3332] Sequential element (accel/ADXL_Control/Cmd_Reg_reg[1][7]) is unused and will be removed from module accelerometer.
WARNING: [Synth 8-3332] Sequential element (accel/ADXL_Control/Cmd_Reg_reg[2][7]) is unused and will be removed from module accelerometer.
WARNING: [Synth 8-3332] Sequential element (accel/ADXL_Control/D_Send_reg[7]) is unused and will be removed from module accelerometer.
WARNING: [Synth 8-3332] Sequential element (accel/Accel_Calculation/ACCEL_X_SUM_reg[1]) is unused and will be removed from module accelerometer.
WARNING: [Synth 8-3332] Sequential element (accel/Accel_Calculation/ACCEL_X_SUM_reg[0]) is unused and will be removed from module accelerometer.
WARNING: [Synth 8-3332] Sequential element (accel/Accel_Calculation/ACCEL_X_CLIP_reg[9]) is unused and will be removed from module accelerometer.
WARNING: [Synth 8-3332] Sequential element (accel/Accel_Calculation/ACCEL_Y_SUM_reg[1]) is unused and will be removed from module accelerometer.
WARNING: [Synth 8-3332] Sequential element (accel/Accel_Calculation/ACCEL_Y_SUM_reg[0]) is unused and will be removed from module accelerometer.
WARNING: [Synth 8-3332] Sequential element (accel/Accel_Calculation/ACCEL_Y_CLIP_reg[9]) is unused and will be removed from module accelerometer.
WARNING: [Synth 8-3332] Sequential element (accel/Accel_Calculation/ACCEL_Z_SUM_reg[1]) is unused and will be removed from module accelerometer.
WARNING: [Synth 8-3332] Sequential element (accel/Accel_Calculation/ACCEL_Z_SUM_reg[0]) is unused and will be removed from module accelerometer.
WARNING: [Synth 8-3332] Sequential element (accel/Accel_Calculation/ACCEL_Z_CLIP_reg[9]) is unused and will be removed from module accelerometer.
INFO: [Synth 8-3886] merging instance 'keyb/temp_char_reg[13]' (FDE) to 'keyb/temp_char_reg[14]'
INFO: [Synth 8-3886] merging instance 'keyb/temp_char_reg[9]' (FDE) to 'keyb/temp_char_reg[8]'
INFO: [Synth 8-3886] merging instance 'keyb/temp_char_reg[8]' (FDE) to 'keyb/temp_char_reg[10]'
INFO: [Synth 8-3886] merging instance 'keyb/temp_char_reg[14]' (FDE) to 'keyb/temp_char_reg[15]'
INFO: [Synth 8-3886] merging instance 'keyb/temp_char_reg[10]' (FDE) to 'keyb/temp_char_reg[11]'
INFO: [Synth 8-3333] propagating constant 0 across sequential element (keyb/\temp_char_reg[11] )
INFO: [Synth 8-3886] merging instance 'keyb/keyb_char_reg[13]' (FDE) to 'keyb/keyb_char_reg[15]'
INFO: [Synth 8-3886] merging instance 'keyb/keyb_char_reg[9]' (FDE) to 'keyb/keyb_char_reg[11]'
INFO: [Synth 8-3886] merging instance 'keyb/keyb_char_reg[8]' (FDE) to 'keyb/keyb_char_reg[11]'
INFO: [Synth 8-3886] merging instance 'keyb/keyb_char_reg[14]' (FDE) to 'keyb/keyb_char_reg[15]'
INFO: [Synth 8-3886] merging instance 'keyb/keyb_char_reg[10]' (FDE) to 'keyb/keyb_char_reg[11]'
INFO: [Synth 8-3333] propagating constant 0 across sequential element (keyb/\keyb_char_reg[11] )
INFO: [Synth 8-3886] merging instance 'keyb/temp_char_reg[21]' (FDE) to 'keyb/temp_char_reg[22]'
INFO: [Synth 8-3886] merging instance 'keyb/temp_char_reg[11]' (FDE) to 'keyb/temp_char_reg[17]'
INFO: [Synth 8-3886] merging instance 'keyb/temp_char_reg[17]' (FDE) to 'keyb/temp_char_reg[16]'
INFO: [Synth 8-3886] merging instance 'keyb/temp_char_reg[16]' (FDE) to 'keyb/temp_char_reg[18]'
INFO: [Synth 8-3886] merging instance 'keyb/temp_char_reg[22]' (FDE) to 'keyb/temp_char_reg[23]'
INFO: [Synth 8-3886] merging instance 'keyb/temp_char_reg[18]' (FDE) to 'keyb/temp_char_reg[19]'
INFO: [Synth 8-3333] propagating constant 0 across sequential element (keyb/\temp_char_reg[19] )
INFO: [Synth 8-3886] merging instance 'keyb/keyb_char_reg[21]' (FDE) to 'keyb/keyb_char_reg[23]'
INFO: [Synth 8-3886] merging instance 'keyb/keyb_char_reg[17]' (FDE) to 'keyb/keyb_char_reg[19]'
INFO: [Synth 8-3886] merging instance 'keyb/keyb_char_reg[11]' (FDE) to 'keyb/keyb_char_reg[19]'
INFO: [Synth 8-3886] merging instance 'keyb/keyb_char_reg[16]' (FDE) to 'keyb/keyb_char_reg[19]'
INFO: [Synth 8-3886] merging instance 'keyb/keyb_char_reg[22]' (FDE) to 'keyb/keyb_char_reg[23]'
INFO: [Synth 8-3886] merging instance 'keyb/keyb_char_reg[18]' (FDE) to 'keyb/keyb_char_reg[19]'
INFO: [Synth 8-3333] propagating constant 0 across sequential element (keyb/\keyb_char_reg[19] )
INFO: [Synth 8-3886] merging instance 'keyb/keyb_char_reg[29]' (FDE) to 'keyb/keyb_char_reg[31]'
INFO: [Synth 8-3886] merging instance 'keyb/keyb_char_reg[25]' (FDE) to 'keyb/keyb_char_reg[27]'
INFO: [Synth 8-3886] merging instance 'keyb/keyb_char_reg[19]' (FDE) to 'keyb/keyb_char_reg[27]'
INFO: [Synth 8-3886] merging instance 'keyb/keyb_char_reg[24]' (FDE) to 'keyb/keyb_char_reg[27]'
INFO: [Synth 8-3886] merging instance 'keyb/keyb_char_reg[30]' (FDE) to 'keyb/keyb_char_reg[31]'
INFO: [Synth 8-3886] merging instance 'keyb/keyb_char_reg[26]' (FDE) to 'keyb/keyb_char_reg[27]'
INFO: [Synth 8-3333] propagating constant 0 across sequential element (keyb/\keyb_char_reg[27] )
WARNING: [Synth 8-3332] Sequential element (temp_char_reg[19]) is unused and will be removed from module keyboard.
WARNING: [Synth 8-3332] Sequential element (keyb_char_reg[27]) is unused and will be removed from module keyboard.
---------------------------------------------------------------------------------
Finished Cross Boundary and Area Optimization : Time (s): cpu = 00:01:10 ; elapsed = 00:01:20 . Memory (MB): peak = 634.828 ; gain = 424.703
---------------------------------------------------------------------------------
---------------------------------------------------------------------------------
Start ROM, RAM, DSP and Shift Register Reporting
---------------------------------------------------------------------------------

ROM:
+-----------------+------------+---------------+----------------+
|Module Name      | RTL Object | Depth x Width | Implemented As | 
+-----------------+------------+---------------+----------------+
|bitmapmem        | p_0_out    | 4096x12       | LUT            | 
|vgadisplaydriver | p_0_out    | 4096x12       | LUT            | 
+-----------------+------------+---------------+----------------+


Distributed RAM: Preliminary Mapping  Report (see note below)
+------------+------------------+-----------+----------------------+-------------------------------------------------+
|Module Name | RTL Object       | Inference | Size (Depth x Width) | Primitives                                      | 
+------------+------------------+-----------+----------------------+-------------------------------------------------+
|mips        | dp/rf/rf_reg     | Implied   | 32 x 32              | RAM32M x 12                                     | 
|memIO       | screen/mem_reg   | Implied   | 2 K x 32             | RAM16X1D x 32  RAM32X1D x 32  RAM128X1D x 288   | 
|memIO       | data/mem/mem_reg | Implied   | 1 K x 32             | RAM256X1S x 128                                 | 
+------------+------------------+-----------+----------------------+-------------------------------------------------+

Note: The table above is a preliminary report that shows the Distributed RAMs at the current stage of the synthesis flow. Some Distributed RAMs may be reimplemented as non Distributed RAM primitives later in the synthesis flow. Multiple instantiated RAMs are reported only once.
---------------------------------------------------------------------------------
Finished ROM, RAM, DSP and Shift Register Reporting
---------------------------------------------------------------------------------

Report RTL Partitions: 
+-+--------------+------------+----------+
| |RTL Partition |Replication |Instances |
+-+--------------+------------+----------+
+-+--------------+------------+----------+
---------------------------------------------------------------------------------
Start Timing Optimization
---------------------------------------------------------------------------------
---------------------------------------------------------------------------------
Start Applying XDC Timing Constraints
---------------------------------------------------------------------------------
---------------------------------------------------------------------------------
Finished Applying XDC Timing Constraints : Time (s): cpu = 00:01:25 ; elapsed = 00:01:34 . Memory (MB): peak = 634.828 ; gain = 424.703
---------------------------------------------------------------------------------
---------------------------------------------------------------------------------
Finished Timing Optimization : Time (s): cpu = 00:01:50 ; elapsed = 00:02:01 . Memory (MB): peak = 731.520 ; gain = 521.395
---------------------------------------------------------------------------------

Report RTL Partitions: 
+-+--------------+------------+----------+
| |RTL Partition |Replication |Instances |
+-+--------------+------------+----------+
+-+--------------+------------+----------+
---------------------------------------------------------------------------------
Start Technology Mapping
---------------------------------------------------------------------------------
---------------------------------------------------------------------------------
Finished Technology Mapping : Time (s): cpu = 00:01:53 ; elapsed = 00:02:04 . Memory (MB): peak = 731.520 ; gain = 521.395
---------------------------------------------------------------------------------

Report RTL Partitions: 
+-+--------------+------------+----------+
| |RTL Partition |Replication |Instances |
+-+--------------+------------+----------+
+-+--------------+------------+----------+
---------------------------------------------------------------------------------
Start IO Insertion
---------------------------------------------------------------------------------
---------------------------------------------------------------------------------
Start Flattening Before IO Insertion
---------------------------------------------------------------------------------
---------------------------------------------------------------------------------
Finished Flattening Before IO Insertion
---------------------------------------------------------------------------------
---------------------------------------------------------------------------------
Start Final Netlist Cleanup
---------------------------------------------------------------------------------
---------------------------------------------------------------------------------
Finished Final Netlist Cleanup
---------------------------------------------------------------------------------
---------------------------------------------------------------------------------
Finished IO Insertion : Time (s): cpu = 00:01:55 ; elapsed = 00:02:05 . Memory (MB): peak = 731.520 ; gain = 521.395
---------------------------------------------------------------------------------

Report Check Netlist: 
+------+------------------+-------+---------+-------+------------------+
|      |Item              |Errors |Warnings |Status |Description       |
+------+------------------+-------+---------+-------+------------------+
|1     |multi_driven_nets |      0|        0|Passed |Multi driven nets |
+------+------------------+-------+---------+-------+------------------+
---------------------------------------------------------------------------------
Start Renaming Generated Instances
---------------------------------------------------------------------------------
---------------------------------------------------------------------------------
Finished Renaming Generated Instances : Time (s): cpu = 00:01:55 ; elapsed = 00:02:05 . Memory (MB): peak = 731.520 ; gain = 521.395
---------------------------------------------------------------------------------

Report RTL Partitions: 
+-+--------------+------------+----------+
| |RTL Partition |Replication |Instances |
+-+--------------+------------+----------+
+-+--------------+------------+----------+
---------------------------------------------------------------------------------
Start Rebuilding User Hierarchy
---------------------------------------------------------------------------------
---------------------------------------------------------------------------------
Finished Rebuilding User Hierarchy : Time (s): cpu = 00:01:56 ; elapsed = 00:02:06 . Memory (MB): peak = 731.520 ; gain = 521.395
---------------------------------------------------------------------------------
---------------------------------------------------------------------------------
Start Renaming Generated Ports
---------------------------------------------------------------------------------
---------------------------------------------------------------------------------
Finished Renaming Generated Ports : Time (s): cpu = 00:01:56 ; elapsed = 00:02:06 . Memory (MB): peak = 731.520 ; gain = 521.395
---------------------------------------------------------------------------------
---------------------------------------------------------------------------------
Start Handling Custom Attributes
---------------------------------------------------------------------------------
---------------------------------------------------------------------------------
Finished Handling Custom Attributes : Time (s): cpu = 00:01:56 ; elapsed = 00:02:06 . Memory (MB): peak = 731.520 ; gain = 521.395
---------------------------------------------------------------------------------
---------------------------------------------------------------------------------
Start Renaming Generated Nets
---------------------------------------------------------------------------------
---------------------------------------------------------------------------------
Finished Renaming Generated Nets : Time (s): cpu = 00:01:56 ; elapsed = 00:02:06 . Memory (MB): peak = 731.520 ; gain = 521.395
---------------------------------------------------------------------------------
---------------------------------------------------------------------------------
Start Writing Synthesis Report
---------------------------------------------------------------------------------

Report BlackBoxes: 
+-+--------------+----------+
| |BlackBox name |Instances |
+-+--------------+----------+
+-+--------------+----------+

Report Cell Usage: 
+------+------------+------+
|      |Cell        |Count |
+------+------------+------+
|1     |BUFG        |     2|
|2     |BUFGMUX     |     4|
|3     |CARRY4      |    92|
|4     |INV         |     1|
|5     |LUT1        |   226|
|6     |LUT2        |   164|
|7     |LUT3        |   155|
|8     |LUT4        |   221|
|9     |LUT5        |   316|
|10    |LUT6        |  1220|
|11    |MMCME2_BASE |     1|
|12    |MUXF7       |     1|
|13    |RAM128X1D   |   288|
|14    |RAM16X1D    |    32|
|15    |RAM256X1S   |   128|
|16    |RAM32M      |    12|
|17    |RAM32X1D    |    32|
|18    |FDRE        |   582|
|19    |FDSE        |     5|
|20    |IBUF        |     5|
|21    |OBUF        |    51|
+------+------------+------+

Report Instance Areas: 
+------+------------------------+--------------------+------+
|      |Instance                |Module              |Cells |
+------+------------------------+--------------------+------+
|1     |top                     |                    |  3538|
|2     |  accel                 |accelerometer       |   792|
|3     |    accel               |AccelerometerCtl    |   792|
|4     |      ADXL_Control      |ADXL362Ctrl         |   615|
|5     |        SPI_Interface   |SPI_If              |    76|
|6     |      Accel_Calculation |AccelArithmetics    |   153|
|7     |  clkdv                 |clockdivider_Nexys4 |    14|
|8     |  disp                  |display8digit       |    51|
|9     |  display               |vgadisplaydriver    |   112|
|10    |    myvgatimer          |vgatimer            |    90|
|11    |      xy                |xycounter           |    86|
|12    |  keyb                  |keyboard            |   118|
|13    |  memIO                 |memIO               |   748|
|14    |    data                |dmem                |   160|
|15    |      mem               |ram_module          |   160|
|16    |    screen              |screenmem           |   467|
|17    |  mips                  |mips                |  1536|
|18    |    dp                  |fulldatapath        |  1536|
|19    |      rf                |register_file       |  1348|
|20    |  sound                 |montek_sound_Nexys4 |   110|
+------+------------------------+--------------------+------+
---------------------------------------------------------------------------------
Finished Writing Synthesis Report : Time (s): cpu = 00:01:56 ; elapsed = 00:02:06 . Memory (MB): peak = 731.520 ; gain = 521.395
---------------------------------------------------------------------------------
Synthesis finished with 0 errors, 0 critical warnings and 79 warnings.
Synthesis Optimization Runtime : Time (s): cpu = 00:01:36 ; elapsed = 00:01:50 . Memory (MB): peak = 731.520 ; gain = 205.098
Synthesis Optimization Complete : Time (s): cpu = 00:01:56 ; elapsed = 00:02:07 . Memory (MB): peak = 731.520 ; gain = 521.395
INFO: [Project 1-571] Translating synthesized netlist
INFO: [Netlist 29-17] Analyzing 595 Unisim elements for replacement
INFO: [Netlist 29-28] Unisim Transformation completed in 0 CPU seconds
INFO: [Project 1-570] Preparing netlist for logic optimization
INFO: [Opt 31-138] Pushed 0 inverter(s) to 0 load pin(s).
INFO: [Project 1-111] Unisim Transformation Summary:
  A total of 498 instances were transformed.
  BUFGMUX => BUFGCTRL (inverted pins: CE0): 4 instances
  INV => LUT1: 1 instances
  MMCME2_BASE => MMCME2_ADV: 1 instances
  RAM128X1D => RAM128X1D (RAMD64E, RAMD64E, MUXF7, MUXF7, RAMD64E, RAMD64E): 288 instances
  RAM16X1D => RAM32X1D (RAMD32, RAMD32): 32 instances
  RAM256X1S => RAM256X1S (MUXF7, MUXF7, MUXF8, RAMS64E, RAMS64E, RAMS64E, RAMS64E): 128 instances
  RAM32M => RAM32M (RAMD32, RAMD32, RAMD32, RAMD32, RAMD32, RAMD32, RAMS32, RAMS32): 12 instances
  RAM32X1D => RAM32X1D (RAMD32, RAMD32): 32 instances

INFO: [Common 17-83] Releasing license: Synthesis
216 Infos, 92 Warnings, 0 Critical Warnings and 0 Errors encountered.
synth_design completed successfully
synth_design: Time (s): cpu = 00:01:59 ; elapsed = 00:02:08 . Memory (MB): peak = 731.520 ; gain = 521.395
INFO: [Common 17-1381] The checkpoint 'C:/Users/Randy/Desktop/Comp541/Lab10/Lab10.runs/synth_1/top.dcp' has been generated.
report_utilization: Time (s): cpu = 00:00:00 ; elapsed = 00:00:00.203 . Memory (MB): peak = 731.520 ; gain = 0.000
INFO: [Common 17-206] Exiting Vivado at Tue Apr 25 22:44:15 2017...
